2025-01-30 13:12:23.424 | INFO     | __main__:<module>:41 - Logging to file: logs/project_log.log
2025-01-30 13:12:23.425 | INFO     | __main__:main:63 - STARTING util_logger.py
2025-01-30 13:12:23.425 | INFO     | __main__:log_example:54 - This is an example info message.
2025-01-30 13:12:23.425 | WARNING  | __main__:log_example:55 - This is an example warning message.
2025-01-30 13:12:23.425 | ERROR    | __main__:log_example:56 - This is an example error message.
2025-01-30 13:12:23.425 | INFO     | __main__:main:68 - View the log output at logs/project_log.log
2025-01-30 13:12:23.425 | INFO     | __main__:main:69 - EXITING util_logger.py.
2025-01-30 13:22:38.228 | INFO     | util_logger:<module>:41 - Logging to file: logs/project_log.log
2025-01-30 13:22:38.228 | INFO     | __main__:main:93 - Starting CSV fetch demonstration...
2025-01-30 13:22:38.228 | INFO     | __main__:fetch_csv_file:52 - Fetching CSV data from https://raw.githubusercontent.com/MainakRepositor/Datasets/master/World%20Happiness%20Data/2020.csv...
2025-01-30 13:22:38.685 | INFO     | __main__:write_csv_file:76 - Writing CSV data to example_data/2020_happiness.csv...
2025-01-30 13:22:38.685 | INFO     | __main__:write_csv_file:80 - SUCCESS: CSV data written to example_data/2020_happiness.csv
2025-01-30 13:22:38.685 | INFO     | __main__:fetch_csv_file:56 - SUCCESS: CSV file fetched and saved as 2020_happiness.csv
2025-01-30 13:24:52.904 | INFO     | util_logger:<module>:41 - Logging to file: logs/project_log.log
2025-01-30 13:24:52.904 | INFO     | __main__:main:93 - Starting Excel fetch demonstration...
2025-01-30 13:24:52.905 | INFO     | __main__:fetch_excel_file:52 - Fetching Excel data from https://raw.githubusercontent.com/denisecase/datafun-03-analytics/main/hosted/Feedback.xlsx...
2025-01-30 13:24:53.291 | INFO     | __main__:write_excel_file:76 - Writing Excel data to example_data/feedback.xlsx...
2025-01-30 13:24:53.291 | INFO     | __main__:write_excel_file:80 - SUCCESS: Excel data written to example_data/feedback.xlsx
2025-01-30 13:24:53.291 | INFO     | __main__:fetch_excel_file:56 - SUCCESS: Excel file fetched and saved as feedback.xlsx
2025-01-30 13:26:13.388 | INFO     | util_logger:<module>:41 - Logging to file: logs/project_log.log
2025-01-30 13:26:13.388 | INFO     | __main__:main:94 - Starting JSON fetch demonstration...
2025-01-30 13:26:13.388 | INFO     | __main__:fetch_json_file:53 - Fetching JSON data from http://api.open-notify.org/astros.json...
2025-01-30 13:26:13.530 | INFO     | __main__:write_json_file:77 - Writing JSON data to example_data/astros.json...
2025-01-30 13:26:13.530 | INFO     | __main__:write_json_file:81 - SUCCESS: JSON data written to example_data/astros.json
2025-01-30 13:26:13.530 | INFO     | __main__:fetch_json_file:57 - SUCCESS: JSON file fetched and saved as astros.json
2025-01-30 13:27:17.316 | INFO     | util_logger:<module>:41 - Logging to file: logs/project_log.log
2025-01-30 13:27:17.316 | INFO     | __main__:main:93 - Starting text fetch demonstration...
2025-01-30 13:27:17.316 | INFO     | __main__:fetch_txt_file:52 - Fetching text data from https://raw.githubusercontent.com/denisecase/datafun-03-analytics/main/hosted/romeo.txt...
2025-01-30 13:27:17.806 | INFO     | __main__:write_txt_file:76 - Writing data to example_data/romeo.txt...
2025-01-30 13:27:17.807 | INFO     | __main__:write_txt_file:80 - SUCCESS: Data written to example_data/romeo.txt
2025-01-30 13:27:17.807 | INFO     | __main__:fetch_txt_file:56 - SUCCESS: Text file fetched and saved as romeo.txt
